<?xml version="1.0" encoding="UTF-8"?>
<testsuite xmlns:xsi="http://www.w3.org/2001/XMLSchema-instance" xsi:noNamespaceSchemaLocation="https://maven.apache.org/surefire/maven-surefire-plugin/xsd/surefire-test-report.xsd" version="3.0.2" name="com.examen.greedy.GreedyApplicationTests" time="3.271" tests="1" errors="0" skipped="0" failures="0" flakes="0">
  <properties>
[...]
</properties>
  <testcase name="contextLoads" classname="com.examen.greedy.GreedyApplicationTests" time="0.869">
    <system-out><![CDATA[00:39:20.395 [main] INFO org.springframework.test.context.support.AnnotationConfigContextLoaderUtils -- Could not detect default configuration classes for test class [com.examen.greedy.GreedyApplicationTests]: GreedyApplicationTests does not declare any static, non-private, non-final, nested classes annotated with @Configuration.
00:39:20.535 [main] INFO org.springframework.boot.test.context.SpringBootTestContextBootstrapper -- Found @SpringBootConfiguration com.examen.greedy.GreedyApplication for test class com.examen.greedy.GreedyApplicationTests
00:39:20.665 [main] INFO org.springframework.test.context.support.AnnotationConfigContextLoaderUtils -- Could not detect default configuration classes for test class [com.examen.greedy.GreedyApplicationTests]: GreedyApplicationTests does not declare any static, non-private, non-final, nested classes annotated with @Configuration.
00:39:20.668 [main] INFO org.springframework.boot.test.context.SpringBootTestContextBootstrapper -- Found @SpringBootConfiguration com.examen.greedy.GreedyApplication for test class com.examen.greedy.GreedyApplicationTests

  .   ____          _            __ _ _
 /\\ / ___'_ __ _ _(_)_ __  __ _ \ \ \ \
( ( )\___ | '_ | '_| | '_ \/ _` | \ \ \ \
 \\/  ___)| |_)| | | | | || (_| |  ) ) ) )
  '  |____| .__|_| |_|_| |_\__, | / / / /
 =========|_|==============|___/=/_/_/_/

 :: Spring Boot ::                (v4.1.1)

2026-09-01T00:39:21.180-05:00  INFO 24340 --- [greedy] [           main] c.examen.greedy.GreedyApplicationTests   : Starting GreedyApplicationTests using Java 17.0.18 with PID 24340 (started by Santi in C:\Users\Santi\Documents\Asignaturas\Tercer semestre\Analisis de algoritmos\Parcial 1\greedy)
2026-09-01T00:39:21.183-05:00  INFO 24340 --- [greedy] [           main] c.examen.greedy.GreedyApplicationTests   : No active profile set, falling back to 1 default profile: "default"
2026-09-01T00:39:22.084-05:00  INFO 24340 --- [greedy] [           main] o.s.b.w.a.WelcomePageHandlerMapping      : Adding welcome page: class path resource [static/index.html]
2026-09-01T00:39:22.474-05:00  INFO 24340 --- [greedy] [           main] c.examen.greedy.GreedyApplicationTests   : Started GreedyApplicationTests in 1.716 seconds (process running for 3.147)
]]></system-out>
  </testcase>
</testsuite>